15:44:15.960 INFO  org.springframework.boot.StartupInfoLogger 48 logStarting - Starting App on lilei03774 with PID 17036 (C:\Users\lilei3774\workspace-4.2\dataplay\target\classes started by lilei3774 in C:\Users\lilei3774\workspace-4.2\dataplay)
15:44:15.962 INFO  org.springframework.boot.SpringApplication 659 logStartupProfileInfo - No active profile set, falling back to default profiles: default
15:44:16.170 INFO  org.hibernate.validator.internal.util.Version 30 <clinit> - HV000001: Hibernate Validator 5.2.4.Final
15:44:16.476 INFO  org.springframework.context.support.AbstractApplicationContext 581 prepareRefresh - Refreshing org.springframework.boot.context.embedded.AnnotationConfigEmbeddedWebApplicationContext@790475e: startup date [Sat Apr 21 15:44:16 CST 2018]; root of context hierarchy
15:44:18.394 INFO  org.springframework.boot.context.embedded.tomcat.TomcatEmbeddedServletContainer 88 initialize - Tomcat initialized with port(s): 8081 (http)
15:44:18.412 INFO  org.apache.juli.logging.DirectJDKLog 179 log - Starting service Tomcat
15:44:18.414 INFO  org.apache.juli.logging.DirectJDKLog 179 log - Starting Servlet Engine: Apache Tomcat/8.5.4
15:44:18.541 INFO  org.apache.juli.logging.DirectJDKLog 179 log - Initializing Spring embedded WebApplicationContext
15:44:18.542 INFO  org.springframework.boot.context.embedded.EmbeddedWebApplicationContext 276 prepareEmbeddedWebApplicationContext - Root WebApplicationContext: initialization completed in 2069 ms
15:44:18.797 INFO  org.springframework.boot.web.servlet.ServletRegistrationBean 190 onStartup - Mapping servlet: 'dispatcherServlet' to [/]
15:44:18.803 INFO  org.springframework.boot.web.servlet.AbstractFilterRegistrationBean 258 configure - Mapping filter: 'characterEncodingFilter' to: [/*]
15:44:18.804 INFO  org.springframework.boot.web.servlet.AbstractFilterRegistrationBean 258 configure - Mapping filter: 'hiddenHttpMethodFilter' to: [/*]
15:44:18.804 INFO  org.springframework.boot.web.servlet.AbstractFilterRegistrationBean 258 configure - Mapping filter: 'httpPutFormContentFilter' to: [/*]
15:44:18.804 INFO  org.springframework.boot.web.servlet.AbstractFilterRegistrationBean 258 configure - Mapping filter: 'requestContextFilter' to: [/*]
15:44:19.136 INFO  org.springframework.web.servlet.mvc.method.annotation.RequestMappingHandlerAdapter 534 initControllerAdviceCache - Looking for @ControllerAdvice: org.springframework.boot.context.embedded.AnnotationConfigEmbeddedWebApplicationContext@790475e: startup date [Sat Apr 21 15:44:16 CST 2018]; root of context hierarchy
15:44:19.212 INFO  org.springframework.web.servlet.handler.AbstractHandlerMethodMapping$MappingRegistry 543 register - Mapped "{[/studio/release]}" onto public java.lang.Object com.cennavi.dataplay.controllers.StudioController.release(java.lang.String)
15:44:19.214 INFO  org.springframework.web.servlet.handler.AbstractHandlerMethodMapping$MappingRegistry 543 register - Mapped "{[/studio/render]}" onto public com.cennavi.dataplay.model.ModelBase com.cennavi.dataplay.controllers.StudioController.render(int)
15:44:19.214 INFO  org.springframework.web.servlet.handler.AbstractHandlerMethodMapping$MappingRegistry 543 register - Mapped "{[/studio/basemap]}" onto public com.cennavi.dataplay.model.ModelBase com.cennavi.dataplay.controllers.StudioController.basemap(java.lang.String)
15:44:19.215 INFO  org.springframework.web.servlet.handler.AbstractHandlerMethodMapping$MappingRegistry 543 register - Mapped "{[/studio/basemap-list]}" onto public java.util.List<com.cennavi.dataplay.model.ModelComp> com.cennavi.dataplay.controllers.StudioController.basemapList(java.lang.String)
15:44:19.215 INFO  org.springframework.web.servlet.handler.AbstractHandlerMethodMapping$MappingRegistry 543 register - Mapped "{[/studio/div-style-list]}" onto public java.util.List<com.cennavi.dataplay.model.ModelComp> com.cennavi.dataplay.controllers.StudioController.divStyleList(java.lang.String)
15:44:19.216 INFO  org.springframework.web.servlet.handler.AbstractHandlerMethodMapping$MappingRegistry 543 register - Mapped "{[/studio/render-list]}" onto public java.util.List<com.cennavi.dataplay.model.ModelComp> com.cennavi.dataplay.controllers.StudioController.renderList(java.lang.String)
15:44:19.216 INFO  org.springframework.web.servlet.handler.AbstractHandlerMethodMapping$MappingRegistry 543 register - Mapped "{[/studio/chart-list]}" onto public java.util.List<com.cennavi.dataplay.model.ModelComp> com.cennavi.dataplay.controllers.StudioController.chartList(java.lang.String)
15:44:19.216 INFO  org.springframework.web.servlet.handler.AbstractHandlerMethodMapping$MappingRegistry 543 register - Mapped "{[/studio/chart]}" onto public com.cennavi.dataplay.model.ModelBase com.cennavi.dataplay.controllers.StudioController.chart(int)
15:44:19.219 INFO  org.springframework.web.servlet.handler.AbstractHandlerMethodMapping$MappingRegistry 543 register - Mapped "{[/error]}" onto public org.springframework.http.ResponseEntity<java.util.Map<java.lang.String, java.lang.Object>> org.springframework.boot.autoconfigure.web.BasicErrorController.error(javax.servlet.http.HttpServletRequest)
15:44:19.219 INFO  org.springframework.web.servlet.handler.AbstractHandlerMethodMapping$MappingRegistry 543 register - Mapped "{[/error],produces=[text/html]}" onto public org.springframework.web.servlet.ModelAndView org.springframework.boot.autoconfigure.web.BasicErrorController.errorHtml(javax.servlet.http.HttpServletRequest,javax.servlet.http.HttpServletResponse)
15:44:19.262 INFO  org.springframework.web.servlet.handler.AbstractUrlHandlerMapping 354 registerHandler - Mapped URL path [/webjars/**] onto handler of type [class org.springframework.web.servlet.resource.ResourceHttpRequestHandler]
15:44:19.262 INFO  org.springframework.web.servlet.handler.AbstractUrlHandlerMapping 354 registerHandler - Mapped URL path [/**] onto handler of type [class org.springframework.web.servlet.resource.ResourceHttpRequestHandler]
15:44:19.306 INFO  org.springframework.web.servlet.handler.AbstractUrlHandlerMapping 354 registerHandler - Mapped URL path [/**/favicon.ico] onto handler of type [class org.springframework.web.servlet.resource.ResourceHttpRequestHandler]
15:44:20.036 INFO  org.springframework.boot.devtools.autoconfigure.OptionalLiveReloadServer 58 startServer - LiveReload server is running on port 35729
15:44:20.104 INFO  org.springframework.jmx.export.MBeanExporter 431 afterSingletonsInstantiated - Registering beans for JMX exposure on startup
15:44:20.126 INFO  org.apache.juli.logging.DirectJDKLog 179 log - Initializing ProtocolHandler ["http-nio-8081"]
15:44:20.139 INFO  org.apache.juli.logging.DirectJDKLog 179 log - Starting ProtocolHandler [http-nio-8081]
15:44:20.154 INFO  org.apache.juli.logging.DirectJDKLog 179 log - Using a shared selector for servlet write/read
15:44:20.172 INFO  org.springframework.boot.context.embedded.tomcat.TomcatEmbeddedServletContainer 186 start - Tomcat started on port(s): 8081 (http)
15:44:20.178 INFO  org.springframework.boot.StartupInfoLogger 57 logStarted - Started App in 4.619 seconds (JVM running for 5.487)
15:44:25.349 INFO  org.apache.juli.logging.DirectJDKLog 179 log - Initializing Spring FrameworkServlet 'dispatcherServlet'
15:44:25.350 INFO  org.springframework.web.servlet.FrameworkServlet 489 initServletBean - FrameworkServlet 'dispatcherServlet': initialization started
15:44:25.375 INFO  org.springframework.web.servlet.FrameworkServlet 508 initServletBean - FrameworkServlet 'dispatcherServlet': initialization completed in 25 ms
15:45:13.740 INFO  org.springframework.context.support.AbstractApplicationContext 982 doClose - Closing org.springframework.boot.context.embedded.AnnotationConfigEmbeddedWebApplicationContext@790475e: startup date [Sat Apr 21 15:44:16 CST 2018]; root of context hierarchy
15:45:13.746 INFO  org.springframework.jmx.export.MBeanExporter 449 destroy - Unregistering JMX-exposed beans on shutdown
15:45:14.009 INFO  org.springframework.boot.StartupInfoLogger 48 logStarting - Starting App on lilei03774 with PID 17036 (C:\Users\lilei3774\workspace-4.2\dataplay\target\classes started by lilei3774 in C:\Users\lilei3774\workspace-4.2\dataplay)
15:45:14.009 INFO  org.springframework.boot.SpringApplication 659 logStartupProfileInfo - No active profile set, falling back to default profiles: default
15:45:14.012 INFO  org.springframework.context.support.AbstractApplicationContext 581 prepareRefresh - Refreshing org.springframework.boot.context.embedded.AnnotationConfigEmbeddedWebApplicationContext@6170e422: startup date [Sat Apr 21 15:45:14 CST 2018]; root of context hierarchy
15:45:14.720 INFO  org.springframework.boot.context.embedded.tomcat.TomcatEmbeddedServletContainer 88 initialize - Tomcat initialized with port(s): 8081 (http)
15:45:14.721 INFO  org.apache.juli.logging.DirectJDKLog 179 log - Starting service Tomcat
15:45:14.722 INFO  org.apache.juli.logging.DirectJDKLog 179 log - Starting Servlet Engine: Apache Tomcat/8.5.4
15:45:14.751 INFO  org.apache.juli.logging.DirectJDKLog 179 log - Initializing Spring embedded WebApplicationContext
15:45:14.752 INFO  org.springframework.boot.context.embedded.EmbeddedWebApplicationContext 276 prepareEmbeddedWebApplicationContext - Root WebApplicationContext: initialization completed in 740 ms
15:45:14.808 INFO  org.springframework.boot.web.servlet.ServletRegistrationBean 190 onStartup - Mapping servlet: 'dispatcherServlet' to [/]
15:45:14.809 INFO  org.springframework.boot.web.servlet.AbstractFilterRegistrationBean 258 configure - Mapping filter: 'characterEncodingFilter' to: [/*]
15:45:14.810 INFO  org.springframework.boot.web.servlet.AbstractFilterRegistrationBean 258 configure - Mapping filter: 'hiddenHttpMethodFilter' to: [/*]
15:45:14.810 INFO  org.springframework.boot.web.servlet.AbstractFilterRegistrationBean 258 configure - Mapping filter: 'httpPutFormContentFilter' to: [/*]
15:45:14.810 INFO  org.springframework.boot.web.servlet.AbstractFilterRegistrationBean 258 configure - Mapping filter: 'requestContextFilter' to: [/*]
15:45:14.884 INFO  org.springframework.web.servlet.mvc.method.annotation.RequestMappingHandlerAdapter 534 initControllerAdviceCache - Looking for @ControllerAdvice: org.springframework.boot.context.embedded.AnnotationConfigEmbeddedWebApplicationContext@6170e422: startup date [Sat Apr 21 15:45:14 CST 2018]; root of context hierarchy
15:45:14.897 INFO  org.springframework.web.servlet.handler.AbstractHandlerMethodMapping$MappingRegistry 543 register - Mapped "{[/studio/release]}" onto public java.lang.Object com.cennavi.dataplay.controllers.StudioController.release(java.lang.String)
15:45:14.898 INFO  org.springframework.web.servlet.handler.AbstractHandlerMethodMapping$MappingRegistry 543 register - Mapped "{[/studio/render]}" onto public com.cennavi.dataplay.model.ModelBase com.cennavi.dataplay.controllers.StudioController.render(int)
15:45:14.898 INFO  org.springframework.web.servlet.handler.AbstractHandlerMethodMapping$MappingRegistry 543 register - Mapped "{[/studio/basemap]}" onto public com.cennavi.dataplay.model.ModelBase com.cennavi.dataplay.controllers.StudioController.basemap(java.lang.String)
15:45:14.899 INFO  org.springframework.web.servlet.handler.AbstractHandlerMethodMapping$MappingRegistry 543 register - Mapped "{[/studio/basemap-list]}" onto public java.util.List<com.cennavi.dataplay.model.ModelComp> com.cennavi.dataplay.controllers.StudioController.basemapList(java.lang.String)
15:45:14.899 INFO  org.springframework.web.servlet.handler.AbstractHandlerMethodMapping$MappingRegistry 543 register - Mapped "{[/studio/div-style-list]}" onto public java.util.List<com.cennavi.dataplay.model.ModelComp> com.cennavi.dataplay.controllers.StudioController.divStyleList(java.lang.String)
15:45:14.899 INFO  org.springframework.web.servlet.handler.AbstractHandlerMethodMapping$MappingRegistry 543 register - Mapped "{[/studio/render-list]}" onto public java.util.List<com.cennavi.dataplay.model.ModelComp> com.cennavi.dataplay.controllers.StudioController.renderList(java.lang.String)
15:45:14.900 INFO  org.springframework.web.servlet.handler.AbstractHandlerMethodMapping$MappingRegistry 543 register - Mapped "{[/studio/chart-list]}" onto public java.util.List<com.cennavi.dataplay.model.ModelComp> com.cennavi.dataplay.controllers.StudioController.chartList(java.lang.String)
15:45:14.900 INFO  org.springframework.web.servlet.handler.AbstractHandlerMethodMapping$MappingRegistry 543 register - Mapped "{[/studio/chart]}" onto public com.cennavi.dataplay.model.ModelBase com.cennavi.dataplay.controllers.StudioController.chart(int)
15:45:14.902 INFO  org.springframework.web.servlet.handler.AbstractHandlerMethodMapping$MappingRegistry 543 register - Mapped "{[/error]}" onto public org.springframework.http.ResponseEntity<java.util.Map<java.lang.String, java.lang.Object>> org.springframework.boot.autoconfigure.web.BasicErrorController.error(javax.servlet.http.HttpServletRequest)
15:45:14.903 INFO  org.springframework.web.servlet.handler.AbstractHandlerMethodMapping$MappingRegistry 543 register - Mapped "{[/error],produces=[text/html]}" onto public org.springframework.web.servlet.ModelAndView org.springframework.boot.autoconfigure.web.BasicErrorController.errorHtml(javax.servlet.http.HttpServletRequest,javax.servlet.http.HttpServletResponse)
15:45:14.911 INFO  org.springframework.web.servlet.handler.AbstractUrlHandlerMapping 354 registerHandler - Mapped URL path [/webjars/**] onto handler of type [class org.springframework.web.servlet.resource.ResourceHttpRequestHandler]
15:45:14.912 INFO  org.springframework.web.servlet.handler.AbstractUrlHandlerMapping 354 registerHandler - Mapped URL path [/**] onto handler of type [class org.springframework.web.servlet.resource.ResourceHttpRequestHandler]
15:45:14.924 INFO  org.springframework.web.servlet.handler.AbstractUrlHandlerMapping 354 registerHandler - Mapped URL path [/**/favicon.ico] onto handler of type [class org.springframework.web.servlet.resource.ResourceHttpRequestHandler]
15:45:14.974 INFO  org.springframework.boot.devtools.autoconfigure.OptionalLiveReloadServer 58 startServer - LiveReload server is running on port 35729
15:45:15.019 INFO  org.springframework.jmx.export.MBeanExporter 431 afterSingletonsInstantiated - Registering beans for JMX exposure on startup
15:45:15.027 INFO  org.apache.juli.logging.DirectJDKLog 179 log - Initializing ProtocolHandler ["http-nio-8081"]
15:45:15.028 INFO  org.apache.juli.logging.DirectJDKLog 179 log - Starting ProtocolHandler [http-nio-8081]
15:45:15.030 INFO  org.apache.juli.logging.DirectJDKLog 179 log - Using a shared selector for servlet write/read
15:45:15.035 INFO  org.springframework.boot.context.embedded.tomcat.TomcatEmbeddedServletContainer 186 start - Tomcat started on port(s): 8081 (http)
15:45:15.037 INFO  org.springframework.boot.StartupInfoLogger 57 logStarted - Started App in 1.09 seconds (JVM running for 60.345)
15:45:19.473 INFO  org.apache.juli.logging.DirectJDKLog 179 log - Initializing Spring FrameworkServlet 'dispatcherServlet'
15:45:19.473 INFO  org.springframework.web.servlet.FrameworkServlet 489 initServletBean - FrameworkServlet 'dispatcherServlet': initialization started
15:45:19.489 INFO  org.springframework.web.servlet.FrameworkServlet 508 initServletBean - FrameworkServlet 'dispatcherServlet': initialization completed in 15 ms
15:45:19.498 ERROR org.apache.juli.logging.DirectJDKLog 181 log - Servlet.service() for servlet [dispatcherServlet] in context with path [] threw exception [Handler dispatch failed; nested exception is java.lang.Error: Unresolved compilation problem: 
	imagePrefixUrlen cannot be resolved
] with root cause java.lang.Error: Unresolved compilation problem: 
	imagePrefixUrlen cannot be resolved

	at com.cennavi.dataplay.components.BasemapComp.basemapList(BasemapComp.java:96) ~[classes/:?]
	at com.cennavi.dataplay.controllers.StudioController.basemapList(StudioController.java:30) ~[classes/:?]
	at sun.reflect.NativeMethodAccessorImpl.invoke0(Native Method) ~[?:1.8.0_40]
	at sun.reflect.NativeMethodAccessorImpl.invoke(NativeMethodAccessorImpl.java:62) ~[?:1.8.0_40]
	at sun.reflect.DelegatingMethodAccessorImpl.invoke(DelegatingMethodAccessorImpl.java:43) ~[?:1.8.0_40]
	at java.lang.reflect.Method.invoke(Method.java:497) ~[?:1.8.0_40]
	at org.springframework.web.method.support.InvocableHandlerMethod.doInvoke(InvocableHandlerMethod.java:221) ~[spring-web-4.3.2.RELEASE.jar:4.3.2.RELEASE]
	at org.springframework.web.method.support.InvocableHandlerMethod.invokeForRequest(InvocableHandlerMethod.java:136) ~[spring-web-4.3.2.RELEASE.jar:4.3.2.RELEASE]
	at org.springframework.web.servlet.mvc.method.annotation.ServletInvocableHandlerMethod.invokeAndHandle(ServletInvocableHandlerMethod.java:114) ~[spring-webmvc-4.3.2.RELEASE.jar:4.3.2.RELEASE]
	at org.springframework.web.servlet.mvc.method.annotation.RequestMappingHandlerAdapter.invokeHandlerMethod(RequestMappingHandlerAdapter.java:827) ~[spring-webmvc-4.3.2.RELEASE.jar:4.3.2.RELEASE]
	at org.springframework.web.servlet.mvc.method.annotation.RequestMappingHandlerAdapter.handleInternal(RequestMappingHandlerAdapter.java:738) ~[spring-webmvc-4.3.2.RELEASE.jar:4.3.2.RELEASE]
	at org.springframework.web.servlet.mvc.method.AbstractHandlerMethodAdapter.handle(AbstractHandlerMethodAdapter.java:85) ~[spring-webmvc-4.3.2.RELEASE.jar:4.3.2.RELEASE]
	at org.springframework.web.servlet.DispatcherServlet.doDispatch(DispatcherServlet.java:963) ~[spring-webmvc-4.3.2.RELEASE.jar:4.3.2.RELEASE]
	at org.springframework.web.servlet.DispatcherServlet.doService(DispatcherServlet.java:897) ~[spring-webmvc-4.3.2.RELEASE.jar:4.3.2.RELEASE]
	at org.springframework.web.servlet.FrameworkServlet.processRequest(FrameworkServlet.java:970) ~[spring-webmvc-4.3.2.RELEASE.jar:4.3.2.RELEASE]
	at org.springframework.web.servlet.FrameworkServlet.doGet(FrameworkServlet.java:861) ~[spring-webmvc-4.3.2.RELEASE.jar:4.3.2.RELEASE]
	at javax.servlet.http.HttpServlet.service(HttpServlet.java:622) ~[tomcat-embed-core-8.5.4.jar:8.5.4]
	at org.springframework.web.servlet.FrameworkServlet.service(FrameworkServlet.java:846) ~[spring-webmvc-4.3.2.RELEASE.jar:4.3.2.RELEASE]
	at javax.servlet.http.HttpServlet.service(HttpServlet.java:729) ~[tomcat-embed-core-8.5.4.jar:8.5.4]
	at org.apache.catalina.core.ApplicationFilterChain.internalDoFilter(ApplicationFilterChain.java:230) ~[tomcat-embed-core-8.5.4.jar:8.5.4]
	at org.apache.catalina.core.ApplicationFilterChain.doFilter(ApplicationFilterChain.java:165) ~[tomcat-embed-core-8.5.4.jar:8.5.4]
	at org.apache.tomcat.websocket.server.WsFilter.doFilter(WsFilter.java:52) ~[tomcat-embed-websocket-8.5.4.jar:8.5.4]
	at org.apache.catalina.core.ApplicationFilterChain.internalDoFilter(ApplicationFilterChain.java:192) ~[tomcat-embed-core-8.5.4.jar:8.5.4]
	at org.apache.catalina.core.ApplicationFilterChain.doFilter(ApplicationFilterChain.java:165) ~[tomcat-embed-core-8.5.4.jar:8.5.4]
	at org.springframework.web.filter.RequestContextFilter.doFilterInternal(RequestContextFilter.java:99) ~[spring-web-4.3.2.RELEASE.jar:4.3.2.RELEASE]
	at org.springframework.web.filter.OncePerRequestFilter.doFilter(OncePerRequestFilter.java:107) ~[spring-web-4.3.2.RELEASE.jar:4.3.2.RELEASE]
	at org.apache.catalina.core.ApplicationFilterChain.internalDoFilter(ApplicationFilterChain.java:192) ~[tomcat-embed-core-8.5.4.jar:8.5.4]
	at org.apache.catalina.core.ApplicationFilterChain.doFilter(ApplicationFilterChain.java:165) ~[tomcat-embed-core-8.5.4.jar:8.5.4]
	at org.springframework.web.filter.HttpPutFormContentFilter.doFilterInternal(HttpPutFormContentFilter.java:87) ~[spring-web-4.3.2.RELEASE.jar:4.3.2.RELEASE]
	at org.springframework.web.filter.OncePerRequestFilter.doFilter(OncePerRequestFilter.java:107) ~[spring-web-4.3.2.RELEASE.jar:4.3.2.RELEASE]
	at org.apache.catalina.core.ApplicationFilterChain.internalDoFilter(ApplicationFilterChain.java:192) ~[tomcat-embed-core-8.5.4.jar:8.5.4]
	at org.apache.catalina.core.ApplicationFilterChain.doFilter(ApplicationFilterChain.java:165) ~[tomcat-embed-core-8.5.4.jar:8.5.4]
	at org.springframework.web.filter.HiddenHttpMethodFilter.doFilterInternal(HiddenHttpMethodFilter.java:77) ~[spring-web-4.3.2.RELEASE.jar:4.3.2.RELEASE]
	at org.springframework.web.filter.OncePerRequestFilter.doFilter(OncePerRequestFilter.java:107) ~[spring-web-4.3.2.RELEASE.jar:4.3.2.RELEASE]
	at org.apache.catalina.core.ApplicationFilterChain.internalDoFilter(ApplicationFilterChain.java:192) ~[tomcat-embed-core-8.5.4.jar:8.5.4]
	at org.apache.catalina.core.ApplicationFilterChain.doFilter(ApplicationFilterChain.java:165) ~[tomcat-embed-core-8.5.4.jar:8.5.4]
	at org.springframework.web.filter.CharacterEncodingFilter.doFilterInternal(CharacterEncodingFilter.java:197) ~[spring-web-4.3.2.RELEASE.jar:4.3.2.RELEASE]
	at org.springframework.web.filter.OncePerRequestFilter.doFilter(OncePerRequestFilter.java:107) ~[spring-web-4.3.2.RELEASE.jar:4.3.2.RELEASE]
	at org.apache.catalina.core.ApplicationFilterChain.internalDoFilter(ApplicationFilterChain.java:192) ~[tomcat-embed-core-8.5.4.jar:8.5.4]
	at org.apache.catalina.core.ApplicationFilterChain.doFilter(ApplicationFilterChain.java:165) ~[tomcat-embed-core-8.5.4.jar:8.5.4]
	at org.apache.catalina.core.StandardWrapperValve.invoke(StandardWrapperValve.java:198) [tomcat-embed-core-8.5.4.jar:8.5.4]
	at org.apache.catalina.core.StandardContextValve.invoke(StandardContextValve.java:108) [tomcat-embed-core-8.5.4.jar:8.5.4]
	at org.apache.catalina.authenticator.AuthenticatorBase.invoke(AuthenticatorBase.java:522) [tomcat-embed-core-8.5.4.jar:8.5.4]
	at org.apache.catalina.core.StandardHostValve.invoke(StandardHostValve.java:140) [tomcat-embed-core-8.5.4.jar:8.5.4]
	at org.apache.catalina.valves.ErrorReportValve.invoke(ErrorReportValve.java:79) [tomcat-embed-core-8.5.4.jar:8.5.4]
	at org.apache.catalina.core.StandardEngineValve.invoke(StandardEngineValve.java:87) [tomcat-embed-core-8.5.4.jar:8.5.4]
	at org.apache.catalina.connector.CoyoteAdapter.service(CoyoteAdapter.java:349) [tomcat-embed-core-8.5.4.jar:8.5.4]
	at org.apache.coyote.http11.Http11Processor.service(Http11Processor.java:1110) [tomcat-embed-core-8.5.4.jar:8.5.4]
	at org.apache.coyote.AbstractProcessorLight.process(AbstractProcessorLight.java:66) [tomcat-embed-core-8.5.4.jar:8.5.4]
	at org.apache.coyote.AbstractProtocol$ConnectionHandler.process(AbstractProtocol.java:785) [tomcat-embed-core-8.5.4.jar:8.5.4]
	at org.apache.tomcat.util.net.NioEndpoint$SocketProcessor.doRun(NioEndpoint.java:1425) [tomcat-embed-core-8.5.4.jar:8.5.4]
	at org.apache.tomcat.util.net.SocketProcessorBase.run(SocketProcessorBase.java:49) [tomcat-embed-core-8.5.4.jar:8.5.4]
	at java.util.concurrent.ThreadPoolExecutor.runWorker(ThreadPoolExecutor.java:1142) [?:1.8.0_40]
	at java.util.concurrent.ThreadPoolExecutor$Worker.run(ThreadPoolExecutor.java:617) [?:1.8.0_40]
	at org.apache.tomcat.util.threads.TaskThread$WrappingRunnable.run(TaskThread.java:61) [tomcat-embed-core-8.5.4.jar:8.5.4]
	at java.lang.Thread.run(Thread.java:745) [?:1.8.0_40]

15:45:21.683 ERROR org.apache.juli.logging.DirectJDKLog 181 log - Servlet.service() for servlet [dispatcherServlet] in context with path [] threw exception [Handler dispatch failed; nested exception is java.lang.Error: Unresolved compilation problem: 
	imagePrefixUrlen cannot be resolved
] with root cause java.lang.Error: Unresolved compilation problem: 
	imagePrefixUrlen cannot be resolved

	at com.cennavi.dataplay.components.BasemapComp.basemapList(BasemapComp.java:96) ~[classes/:?]
	at com.cennavi.dataplay.controllers.StudioController.basemapList(StudioController.java:30) ~[classes/:?]
	at sun.reflect.NativeMethodAccessorImpl.invoke0(Native Method) ~[?:1.8.0_40]
	at sun.reflect.NativeMethodAccessorImpl.invoke(NativeMethodAccessorImpl.java:62) ~[?:1.8.0_40]
	at sun.reflect.DelegatingMethodAccessorImpl.invoke(DelegatingMethodAccessorImpl.java:43) ~[?:1.8.0_40]
	at java.lang.reflect.Method.invoke(Method.java:497) ~[?:1.8.0_40]
	at org.springframework.web.method.support.InvocableHandlerMethod.doInvoke(InvocableHandlerMethod.java:221) ~[spring-web-4.3.2.RELEASE.jar:4.3.2.RELEASE]
	at org.springframework.web.method.support.InvocableHandlerMethod.invokeForRequest(InvocableHandlerMethod.java:136) ~[spring-web-4.3.2.RELEASE.jar:4.3.2.RELEASE]
	at org.springframework.web.servlet.mvc.method.annotation.ServletInvocableHandlerMethod.invokeAndHandle(ServletInvocableHandlerMethod.java:114) ~[spring-webmvc-4.3.2.RELEASE.jar:4.3.2.RELEASE]
	at org.springframework.web.servlet.mvc.method.annotation.RequestMappingHandlerAdapter.invokeHandlerMethod(RequestMappingHandlerAdapter.java:827) ~[spring-webmvc-4.3.2.RELEASE.jar:4.3.2.RELEASE]
	at org.springframework.web.servlet.mvc.method.annotation.RequestMappingHandlerAdapter.handleInternal(RequestMappingHandlerAdapter.java:738) ~[spring-webmvc-4.3.2.RELEASE.jar:4.3.2.RELEASE]
	at org.springframework.web.servlet.mvc.method.AbstractHandlerMethodAdapter.handle(AbstractHandlerMethodAdapter.java:85) ~[spring-webmvc-4.3.2.RELEASE.jar:4.3.2.RELEASE]
	at org.springframework.web.servlet.DispatcherServlet.doDispatch(DispatcherServlet.java:963) ~[spring-webmvc-4.3.2.RELEASE.jar:4.3.2.RELEASE]
	at org.springframework.web.servlet.DispatcherServlet.doService(DispatcherServlet.java:897) ~[spring-webmvc-4.3.2.RELEASE.jar:4.3.2.RELEASE]
	at org.springframework.web.servlet.FrameworkServlet.processRequest(FrameworkServlet.java:970) ~[spring-webmvc-4.3.2.RELEASE.jar:4.3.2.RELEASE]
	at org.springframework.web.servlet.FrameworkServlet.doGet(FrameworkServlet.java:861) ~[spring-webmvc-4.3.2.RELEASE.jar:4.3.2.RELEASE]
	at javax.servlet.http.HttpServlet.service(HttpServlet.java:622) ~[tomcat-embed-core-8.5.4.jar:8.5.4]
	at org.springframework.web.servlet.FrameworkServlet.service(FrameworkServlet.java:846) ~[spring-webmvc-4.3.2.RELEASE.jar:4.3.2.RELEASE]
	at javax.servlet.http.HttpServlet.service(HttpServlet.java:729) ~[tomcat-embed-core-8.5.4.jar:8.5.4]
	at org.apache.catalina.core.ApplicationFilterChain.internalDoFilter(ApplicationFilterChain.java:230) ~[tomcat-embed-core-8.5.4.jar:8.5.4]
	at org.apache.catalina.core.ApplicationFilterChain.doFilter(ApplicationFilterChain.java:165) ~[tomcat-embed-core-8.5.4.jar:8.5.4]
	at org.apache.tomcat.websocket.server.WsFilter.doFilter(WsFilter.java:52) ~[tomcat-embed-websocket-8.5.4.jar:8.5.4]
	at org.apache.catalina.core.ApplicationFilterChain.internalDoFilter(ApplicationFilterChain.java:192) ~[tomcat-embed-core-8.5.4.jar:8.5.4]
	at org.apache.catalina.core.ApplicationFilterChain.doFilter(ApplicationFilterChain.java:165) ~[tomcat-embed-core-8.5.4.jar:8.5.4]
	at org.springframework.web.filter.RequestContextFilter.doFilterInternal(RequestContextFilter.java:99) ~[spring-web-4.3.2.RELEASE.jar:4.3.2.RELEASE]
	at org.springframework.web.filter.OncePerRequestFilter.doFilter(OncePerRequestFilter.java:107) ~[spring-web-4.3.2.RELEASE.jar:4.3.2.RELEASE]
	at org.apache.catalina.core.ApplicationFilterChain.internalDoFilter(ApplicationFilterChain.java:192) ~[tomcat-embed-core-8.5.4.jar:8.5.4]
	at org.apache.catalina.core.ApplicationFilterChain.doFilter(ApplicationFilterChain.java:165) ~[tomcat-embed-core-8.5.4.jar:8.5.4]
	at org.springframework.web.filter.HttpPutFormContentFilter.doFilterInternal(HttpPutFormContentFilter.java:87) ~[spring-web-4.3.2.RELEASE.jar:4.3.2.RELEASE]
	at org.springframework.web.filter.OncePerRequestFilter.doFilter(OncePerRequestFilter.java:107) ~[spring-web-4.3.2.RELEASE.jar:4.3.2.RELEASE]
	at org.apache.catalina.core.ApplicationFilterChain.internalDoFilter(ApplicationFilterChain.java:192) ~[tomcat-embed-core-8.5.4.jar:8.5.4]
	at org.apache.catalina.core.ApplicationFilterChain.doFilter(ApplicationFilterChain.java:165) ~[tomcat-embed-core-8.5.4.jar:8.5.4]
	at org.springframework.web.filter.HiddenHttpMethodFilter.doFilterInternal(HiddenHttpMethodFilter.java:77) ~[spring-web-4.3.2.RELEASE.jar:4.3.2.RELEASE]
	at org.springframework.web.filter.OncePerRequestFilter.doFilter(OncePerRequestFilter.java:107) ~[spring-web-4.3.2.RELEASE.jar:4.3.2.RELEASE]
	at org.apache.catalina.core.ApplicationFilterChain.internalDoFilter(ApplicationFilterChain.java:192) ~[tomcat-embed-core-8.5.4.jar:8.5.4]
	at org.apache.catalina.core.ApplicationFilterChain.doFilter(ApplicationFilterChain.java:165) ~[tomcat-embed-core-8.5.4.jar:8.5.4]
	at org.springframework.web.filter.CharacterEncodingFilter.doFilterInternal(CharacterEncodingFilter.java:197) ~[spring-web-4.3.2.RELEASE.jar:4.3.2.RELEASE]
	at org.springframework.web.filter.OncePerRequestFilter.doFilter(OncePerRequestFilter.java:107) ~[spring-web-4.3.2.RELEASE.jar:4.3.2.RELEASE]
	at org.apache.catalina.core.ApplicationFilterChain.internalDoFilter(ApplicationFilterChain.java:192) ~[tomcat-embed-core-8.5.4.jar:8.5.4]
	at org.apache.catalina.core.ApplicationFilterChain.doFilter(ApplicationFilterChain.java:165) ~[tomcat-embed-core-8.5.4.jar:8.5.4]
	at org.apache.catalina.core.StandardWrapperValve.invoke(StandardWrapperValve.java:198) [tomcat-embed-core-8.5.4.jar:8.5.4]
	at org.apache.catalina.core.StandardContextValve.invoke(StandardContextValve.java:108) [tomcat-embed-core-8.5.4.jar:8.5.4]
	at org.apache.catalina.authenticator.AuthenticatorBase.invoke(AuthenticatorBase.java:522) [tomcat-embed-core-8.5.4.jar:8.5.4]
	at org.apache.catalina.core.StandardHostValve.invoke(StandardHostValve.java:140) [tomcat-embed-core-8.5.4.jar:8.5.4]
	at org.apache.catalina.valves.ErrorReportValve.invoke(ErrorReportValve.java:79) [tomcat-embed-core-8.5.4.jar:8.5.4]
	at org.apache.catalina.core.StandardEngineValve.invoke(StandardEngineValve.java:87) [tomcat-embed-core-8.5.4.jar:8.5.4]
	at org.apache.catalina.connector.CoyoteAdapter.service(CoyoteAdapter.java:349) [tomcat-embed-core-8.5.4.jar:8.5.4]
	at org.apache.coyote.http11.Http11Processor.service(Http11Processor.java:1110) [tomcat-embed-core-8.5.4.jar:8.5.4]
	at org.apache.coyote.AbstractProcessorLight.process(AbstractProcessorLight.java:66) [tomcat-embed-core-8.5.4.jar:8.5.4]
	at org.apache.coyote.AbstractProtocol$ConnectionHandler.process(AbstractProtocol.java:785) [tomcat-embed-core-8.5.4.jar:8.5.4]
	at org.apache.tomcat.util.net.NioEndpoint$SocketProcessor.doRun(NioEndpoint.java:1425) [tomcat-embed-core-8.5.4.jar:8.5.4]
	at org.apache.tomcat.util.net.SocketProcessorBase.run(SocketProcessorBase.java:49) [tomcat-embed-core-8.5.4.jar:8.5.4]
	at java.util.concurrent.ThreadPoolExecutor.runWorker(ThreadPoolExecutor.java:1142) [?:1.8.0_40]
	at java.util.concurrent.ThreadPoolExecutor$Worker.run(ThreadPoolExecutor.java:617) [?:1.8.0_40]
	at org.apache.tomcat.util.threads.TaskThread$WrappingRunnable.run(TaskThread.java:61) [tomcat-embed-core-8.5.4.jar:8.5.4]
	at java.lang.Thread.run(Thread.java:745) [?:1.8.0_40]

15:45:49.634 INFO  org.springframework.context.support.AbstractApplicationContext 982 doClose - Closing org.springframework.boot.context.embedded.AnnotationConfigEmbeddedWebApplicationContext@6170e422: startup date [Sat Apr 21 15:45:14 CST 2018]; root of context hierarchy
15:45:49.647 INFO  org.springframework.jmx.export.MBeanExporter 449 destroy - Unregistering JMX-exposed beans on shutdown
15:45:50.003 INFO  org.springframework.boot.StartupInfoLogger 48 logStarting - Starting App on lilei03774 with PID 17036 (C:\Users\lilei3774\workspace-4.2\dataplay\target\classes started by lilei3774 in C:\Users\lilei3774\workspace-4.2\dataplay)
15:45:50.003 INFO  org.springframework.boot.SpringApplication 659 logStartupProfileInfo - No active profile set, falling back to default profiles: default
15:45:50.007 INFO  org.springframework.context.support.AbstractApplicationContext 581 prepareRefresh - Refreshing org.springframework.boot.context.embedded.AnnotationConfigEmbeddedWebApplicationContext@5ef201cd: startup date [Sat Apr 21 15:45:50 CST 2018]; root of context hierarchy
15:45:50.499 INFO  org.springframework.boot.context.embedded.tomcat.TomcatEmbeddedServletContainer 88 initialize - Tomcat initialized with port(s): 8081 (http)
15:45:50.500 INFO  org.apache.juli.logging.DirectJDKLog 179 log - Starting service Tomcat
15:45:50.501 INFO  org.apache.juli.logging.DirectJDKLog 179 log - Starting Servlet Engine: Apache Tomcat/8.5.4
15:45:50.546 INFO  org.apache.juli.logging.DirectJDKLog 179 log - Initializing Spring embedded WebApplicationContext
15:45:50.546 INFO  org.springframework.boot.context.embedded.EmbeddedWebApplicationContext 276 prepareEmbeddedWebApplicationContext - Root WebApplicationContext: initialization completed in 539 ms
15:45:50.582 INFO  org.springframework.boot.web.servlet.ServletRegistrationBean 190 onStartup - Mapping servlet: 'dispatcherServlet' to [/]
15:45:50.583 INFO  org.springframework.boot.web.servlet.AbstractFilterRegistrationBean 258 configure - Mapping filter: 'characterEncodingFilter' to: [/*]
15:45:50.583 INFO  org.springframework.boot.web.servlet.AbstractFilterRegistrationBean 258 configure - Mapping filter: 'hiddenHttpMethodFilter' to: [/*]
15:45:50.583 INFO  org.springframework.boot.web.servlet.AbstractFilterRegistrationBean 258 configure - Mapping filter: 'httpPutFormContentFilter' to: [/*]
15:45:50.584 INFO  org.springframework.boot.web.servlet.AbstractFilterRegistrationBean 258 configure - Mapping filter: 'requestContextFilter' to: [/*]
15:45:50.662 INFO  org.springframework.web.servlet.mvc.method.annotation.RequestMappingHandlerAdapter 534 initControllerAdviceCache - Looking for @ControllerAdvice: org.springframework.boot.context.embedded.AnnotationConfigEmbeddedWebApplicationContext@5ef201cd: startup date [Sat Apr 21 15:45:50 CST 2018]; root of context hierarchy
15:45:50.670 INFO  org.springframework.web.servlet.handler.AbstractHandlerMethodMapping$MappingRegistry 543 register - Mapped "{[/studio/release]}" onto public java.lang.Object com.cennavi.dataplay.controllers.StudioController.release(java.lang.String)
15:45:50.671 INFO  org.springframework.web.servlet.handler.AbstractHandlerMethodMapping$MappingRegistry 543 register - Mapped "{[/studio/render]}" onto public com.cennavi.dataplay.model.ModelBase com.cennavi.dataplay.controllers.StudioController.render(int)
15:45:50.671 INFO  org.springframework.web.servlet.handler.AbstractHandlerMethodMapping$MappingRegistry 543 register - Mapped "{[/studio/basemap]}" onto public com.cennavi.dataplay.model.ModelBase com.cennavi.dataplay.controllers.StudioController.basemap(java.lang.String)
15:45:50.672 INFO  org.springframework.web.servlet.handler.AbstractHandlerMethodMapping$MappingRegistry 543 register - Mapped "{[/studio/basemap-list]}" onto public java.util.List<com.cennavi.dataplay.model.ModelComp> com.cennavi.dataplay.controllers.StudioController.basemapList(java.lang.String)
15:45:50.672 INFO  org.springframework.web.servlet.handler.AbstractHandlerMethodMapping$MappingRegistry 543 register - Mapped "{[/studio/div-style-list]}" onto public java.util.List<com.cennavi.dataplay.model.ModelComp> com.cennavi.dataplay.controllers.StudioController.divStyleList(java.lang.String)
15:45:50.672 INFO  org.springframework.web.servlet.handler.AbstractHandlerMethodMapping$MappingRegistry 543 register - Mapped "{[/studio/render-list]}" onto public java.util.List<com.cennavi.dataplay.model.ModelComp> com.cennavi.dataplay.controllers.StudioController.renderList(java.lang.String)
15:45:50.673 INFO  org.springframework.web.servlet.handler.AbstractHandlerMethodMapping$MappingRegistry 543 register - Mapped "{[/studio/chart-list]}" onto public java.util.List<com.cennavi.dataplay.model.ModelComp> com.cennavi.dataplay.controllers.StudioController.chartList(java.lang.String)
15:45:50.673 INFO  org.springframework.web.servlet.handler.AbstractHandlerMethodMapping$MappingRegistry 543 register - Mapped "{[/studio/chart]}" onto public com.cennavi.dataplay.model.ModelBase com.cennavi.dataplay.controllers.StudioController.chart(int)
15:45:50.675 INFO  org.springframework.web.servlet.handler.AbstractHandlerMethodMapping$MappingRegistry 543 register - Mapped "{[/error]}" onto public org.springframework.http.ResponseEntity<java.util.Map<java.lang.String, java.lang.Object>> org.springframework.boot.autoconfigure.web.BasicErrorController.error(javax.servlet.http.HttpServletRequest)
15:45:50.675 INFO  org.springframework.web.servlet.handler.AbstractHandlerMethodMapping$MappingRegistry 543 register - Mapped "{[/error],produces=[text/html]}" onto public org.springframework.web.servlet.ModelAndView org.springframework.boot.autoconfigure.web.BasicErrorController.errorHtml(javax.servlet.http.HttpServletRequest,javax.servlet.http.HttpServletResponse)
15:45:50.684 INFO  org.springframework.web.servlet.handler.AbstractUrlHandlerMapping 354 registerHandler - Mapped URL path [/webjars/**] onto handler of type [class org.springframework.web.servlet.resource.ResourceHttpRequestHandler]
15:45:50.684 INFO  org.springframework.web.servlet.handler.AbstractUrlHandlerMapping 354 registerHandler - Mapped URL path [/**] onto handler of type [class org.springframework.web.servlet.resource.ResourceHttpRequestHandler]
15:45:50.694 INFO  org.springframework.web.servlet.handler.AbstractUrlHandlerMapping 354 registerHandler - Mapped URL path [/**/favicon.ico] onto handler of type [class org.springframework.web.servlet.resource.ResourceHttpRequestHandler]
15:45:50.745 INFO  org.springframework.boot.devtools.autoconfigure.OptionalLiveReloadServer 58 startServer - LiveReload server is running on port 35729
15:45:50.786 INFO  org.springframework.jmx.export.MBeanExporter 431 afterSingletonsInstantiated - Registering beans for JMX exposure on startup
15:45:50.793 INFO  org.apache.juli.logging.DirectJDKLog 179 log - Initializing ProtocolHandler ["http-nio-8081"]
15:45:50.794 INFO  org.apache.juli.logging.DirectJDKLog 179 log - Starting ProtocolHandler [http-nio-8081]
15:45:50.799 INFO  org.apache.juli.logging.DirectJDKLog 179 log - Using a shared selector for servlet write/read
15:45:50.821 INFO  org.springframework.boot.context.embedded.tomcat.TomcatEmbeddedServletContainer 186 start - Tomcat started on port(s): 8081 (http)
15:45:50.823 INFO  org.springframework.boot.StartupInfoLogger 57 logStarted - Started App in 0.882 seconds (JVM running for 96.128)
15:45:53.214 INFO  org.apache.juli.logging.DirectJDKLog 179 log - Initializing Spring FrameworkServlet 'dispatcherServlet'
15:45:53.216 INFO  org.springframework.web.servlet.FrameworkServlet 489 initServletBean - FrameworkServlet 'dispatcherServlet': initialization started
15:45:53.222 INFO  org.springframework.web.servlet.FrameworkServlet 508 initServletBean - FrameworkServlet 'dispatcherServlet': initialization completed in 6 ms
15:46:23.371 ERROR org.apache.juli.logging.DirectJDKLog 181 log - Servlet.service() for servlet [dispatcherServlet] in context with path [] threw exception [Request processing failed; nested exception is java.lang.NullPointerException] with root cause java.lang.NullPointerException
	at com.cennavi.dataplay.components.BasemapComp.basemap(BasemapComp.java:114) ~[classes/:?]
	at com.cennavi.dataplay.controllers.StudioController.basemap(StudioController.java:75) ~[classes/:?]
	at sun.reflect.NativeMethodAccessorImpl.invoke0(Native Method) ~[?:1.8.0_40]
	at sun.reflect.NativeMethodAccessorImpl.invoke(NativeMethodAccessorImpl.java:62) ~[?:1.8.0_40]
	at sun.reflect.DelegatingMethodAccessorImpl.invoke(DelegatingMethodAccessorImpl.java:43) ~[?:1.8.0_40]
	at java.lang.reflect.Method.invoke(Method.java:497) ~[?:1.8.0_40]
	at org.springframework.web.method.support.InvocableHandlerMethod.doInvoke(InvocableHandlerMethod.java:221) ~[spring-web-4.3.2.RELEASE.jar:4.3.2.RELEASE]
	at org.springframework.web.method.support.InvocableHandlerMethod.invokeForRequest(InvocableHandlerMethod.java:136) ~[spring-web-4.3.2.RELEASE.jar:4.3.2.RELEASE]
	at org.springframework.web.servlet.mvc.method.annotation.ServletInvocableHandlerMethod.invokeAndHandle(ServletInvocableHandlerMethod.java:114) ~[spring-webmvc-4.3.2.RELEASE.jar:4.3.2.RELEASE]
	at org.springframework.web.servlet.mvc.method.annotation.RequestMappingHandlerAdapter.invokeHandlerMethod(RequestMappingHandlerAdapter.java:827) ~[spring-webmvc-4.3.2.RELEASE.jar:4.3.2.RELEASE]
	at org.springframework.web.servlet.mvc.method.annotation.RequestMappingHandlerAdapter.handleInternal(RequestMappingHandlerAdapter.java:738) ~[spring-webmvc-4.3.2.RELEASE.jar:4.3.2.RELEASE]
	at org.springframework.web.servlet.mvc.method.AbstractHandlerMethodAdapter.handle(AbstractHandlerMethodAdapter.java:85) ~[spring-webmvc-4.3.2.RELEASE.jar:4.3.2.RELEASE]
	at org.springframework.web.servlet.DispatcherServlet.doDispatch(DispatcherServlet.java:963) ~[spring-webmvc-4.3.2.RELEASE.jar:4.3.2.RELEASE]
	at org.springframework.web.servlet.DispatcherServlet.doService(DispatcherServlet.java:897) ~[spring-webmvc-4.3.2.RELEASE.jar:4.3.2.RELEASE]
	at org.springframework.web.servlet.FrameworkServlet.processRequest(FrameworkServlet.java:970) ~[spring-webmvc-4.3.2.RELEASE.jar:4.3.2.RELEASE]
	at org.springframework.web.servlet.FrameworkServlet.doGet(FrameworkServlet.java:861) ~[spring-webmvc-4.3.2.RELEASE.jar:4.3.2.RELEASE]
	at javax.servlet.http.HttpServlet.service(HttpServlet.java:622) ~[tomcat-embed-core-8.5.4.jar:8.5.4]
	at org.springframework.web.servlet.FrameworkServlet.service(FrameworkServlet.java:846) ~[spring-webmvc-4.3.2.RELEASE.jar:4.3.2.RELEASE]
	at javax.servlet.http.HttpServlet.service(HttpServlet.java:729) ~[tomcat-embed-core-8.5.4.jar:8.5.4]
	at org.apache.catalina.core.ApplicationFilterChain.internalDoFilter(ApplicationFilterChain.java:230) ~[tomcat-embed-core-8.5.4.jar:8.5.4]
	at org.apache.catalina.core.ApplicationFilterChain.doFilter(ApplicationFilterChain.java:165) ~[tomcat-embed-core-8.5.4.jar:8.5.4]
	at org.apache.tomcat.websocket.server.WsFilter.doFilter(WsFilter.java:52) ~[tomcat-embed-websocket-8.5.4.jar:8.5.4]
	at org.apache.catalina.core.ApplicationFilterChain.internalDoFilter(ApplicationFilterChain.java:192) ~[tomcat-embed-core-8.5.4.jar:8.5.4]
	at org.apache.catalina.core.ApplicationFilterChain.doFilter(ApplicationFilterChain.java:165) ~[tomcat-embed-core-8.5.4.jar:8.5.4]
	at org.springframework.web.filter.RequestContextFilter.doFilterInternal(RequestContextFilter.java:99) ~[spring-web-4.3.2.RELEASE.jar:4.3.2.RELEASE]
	at org.springframework.web.filter.OncePerRequestFilter.doFilter(OncePerRequestFilter.java:107) ~[spring-web-4.3.2.RELEASE.jar:4.3.2.RELEASE]
	at org.apache.catalina.core.ApplicationFilterChain.internalDoFilter(ApplicationFilterChain.java:192) ~[tomcat-embed-core-8.5.4.jar:8.5.4]
	at org.apache.catalina.core.ApplicationFilterChain.doFilter(ApplicationFilterChain.java:165) ~[tomcat-embed-core-8.5.4.jar:8.5.4]
	at org.springframework.web.filter.HttpPutFormContentFilter.doFilterInternal(HttpPutFormContentFilter.java:87) ~[spring-web-4.3.2.RELEASE.jar:4.3.2.RELEASE]
	at org.springframework.web.filter.OncePerRequestFilter.doFilter(OncePerRequestFilter.java:107) ~[spring-web-4.3.2.RELEASE.jar:4.3.2.RELEASE]
	at org.apache.catalina.core.ApplicationFilterChain.internalDoFilter(ApplicationFilterChain.java:192) ~[tomcat-embed-core-8.5.4.jar:8.5.4]
	at org.apache.catalina.core.ApplicationFilterChain.doFilter(ApplicationFilterChain.java:165) ~[tomcat-embed-core-8.5.4.jar:8.5.4]
	at org.springframework.web.filter.HiddenHttpMethodFilter.doFilterInternal(HiddenHttpMethodFilter.java:77) ~[spring-web-4.3.2.RELEASE.jar:4.3.2.RELEASE]
	at org.springframework.web.filter.OncePerRequestFilter.doFilter(OncePerRequestFilter.java:107) ~[spring-web-4.3.2.RELEASE.jar:4.3.2.RELEASE]
	at org.apache.catalina.core.ApplicationFilterChain.internalDoFilter(ApplicationFilterChain.java:192) ~[tomcat-embed-core-8.5.4.jar:8.5.4]
	at org.apache.catalina.core.ApplicationFilterChain.doFilter(ApplicationFilterChain.java:165) ~[tomcat-embed-core-8.5.4.jar:8.5.4]
	at org.springframework.web.filter.CharacterEncodingFilter.doFilterInternal(CharacterEncodingFilter.java:197) ~[spring-web-4.3.2.RELEASE.jar:4.3.2.RELEASE]
	at org.springframework.web.filter.OncePerRequestFilter.doFilter(OncePerRequestFilter.java:107) ~[spring-web-4.3.2.RELEASE.jar:4.3.2.RELEASE]
	at org.apache.catalina.core.ApplicationFilterChain.internalDoFilter(ApplicationFilterChain.java:192) ~[tomcat-embed-core-8.5.4.jar:8.5.4]
	at org.apache.catalina.core.ApplicationFilterChain.doFilter(ApplicationFilterChain.java:165) ~[tomcat-embed-core-8.5.4.jar:8.5.4]
	at org.apache.catalina.core.StandardWrapperValve.invoke(StandardWrapperValve.java:198) [tomcat-embed-core-8.5.4.jar:8.5.4]
	at org.apache.catalina.core.StandardContextValve.invoke(StandardContextValve.java:108) [tomcat-embed-core-8.5.4.jar:8.5.4]
	at org.apache.catalina.authenticator.AuthenticatorBase.invoke(AuthenticatorBase.java:522) [tomcat-embed-core-8.5.4.jar:8.5.4]
	at org.apache.catalina.core.StandardHostValve.invoke(StandardHostValve.java:140) [tomcat-embed-core-8.5.4.jar:8.5.4]
	at org.apache.catalina.valves.ErrorReportValve.invoke(ErrorReportValve.java:79) [tomcat-embed-core-8.5.4.jar:8.5.4]
	at org.apache.catalina.core.StandardEngineValve.invoke(StandardEngineValve.java:87) [tomcat-embed-core-8.5.4.jar:8.5.4]
	at org.apache.catalina.connector.CoyoteAdapter.service(CoyoteAdapter.java:349) [tomcat-embed-core-8.5.4.jar:8.5.4]
	at org.apache.coyote.http11.Http11Processor.service(Http11Processor.java:1110) [tomcat-embed-core-8.5.4.jar:8.5.4]
	at org.apache.coyote.AbstractProcessorLight.process(AbstractProcessorLight.java:66) [tomcat-embed-core-8.5.4.jar:8.5.4]
	at org.apache.coyote.AbstractProtocol$ConnectionHandler.process(AbstractProtocol.java:785) [tomcat-embed-core-8.5.4.jar:8.5.4]
	at org.apache.tomcat.util.net.NioEndpoint$SocketProcessor.doRun(NioEndpoint.java:1425) [tomcat-embed-core-8.5.4.jar:8.5.4]
	at org.apache.tomcat.util.net.SocketProcessorBase.run(SocketProcessorBase.java:49) [tomcat-embed-core-8.5.4.jar:8.5.4]
	at java.util.concurrent.ThreadPoolExecutor.runWorker(ThreadPoolExecutor.java:1142) [?:1.8.0_40]
	at java.util.concurrent.ThreadPoolExecutor$Worker.run(ThreadPoolExecutor.java:617) [?:1.8.0_40]
	at org.apache.tomcat.util.threads.TaskThread$WrappingRunnable.run(TaskThread.java:61) [tomcat-embed-core-8.5.4.jar:8.5.4]
	at java.lang.Thread.run(Thread.java:745) [?:1.8.0_40]

